<?xml version="1.0" encoding="UTF-8"?>
<!-- Generated by org.testng.reporters.JUnitReportReporter -->
<testsuite hostname="DESKTOP-9UFGNFU" failures="0" tests="2" name="com.app.qa.MultiBrowser" time="6.251" errors="0" timestamp="2021-04-25T21:09:44 PDT" skipped="0">
  <testcase classname="com.app.qa.MultiBrowser" name="login" time="1.106"/>
  <testcase classname="com.app.qa.MultiBrowser" name="login" time="5.145"/>
</testsuite> <!-- com.app.qa.MultiBrowser -->
