<?xml version="1.0" encoding="UTF-8"?>
<!-- Generated by org.testng.reporters.JUnitReportReporter -->
<testsuite hostname="DESKTOP-9UFGNFU" failures="0" tests="1" name="com.app.qa.ParallelTest$ChromeTest" time="33.042" errors="0" timestamp="2021-04-26T04:49:41 PDT" skipped="0">
  <testcase classname="com.app.qa.ParallelTest$ChromeTest" name="ChromeTestMethod" time="33.042"/>
</testsuite> <!-- com.app.qa.ParallelTest$ChromeTest -->
