<?xml version="1.0" encoding="UTF-8"?>
<!-- Generated by org.testng.reporters.JUnitReportReporter -->
<testsuite hostname="DESKTOP-9UFGNFU" failures="0" tests="2" name="com.app.qa.DProvider" time="0.009" errors="0" timestamp="2021-04-26T05:16:59 PDT" skipped="0">
  <testcase classname="com.app.qa.DProvider" name="myTest" time="0.007"/>
  <testcase classname="com.app.qa.DProvider" name="myTest" time="0.002"/>
</testsuite> <!-- com.app.qa.DProvider -->
